# JRE version: Java(TM) SE Runtime Environment (8.0_201-b09) (build 1.8.0_201-b09)
# Java VM: Java HotSpot(TM) 64-Bit Server VM (25.201-b09 mixed mode windows-amd64 compressed oops)
Heap:
 PSYoungGen      total 138752K, used 89382K [0x000000076c180000, 0x0000000776480000, 0x00000007c0000000)
  eden space 129536K, 62% used [0x000000076c180000,0x000000077102f6f8,0x0000000774000000)
  from space 9216K, 95% used [0x0000000775b80000,0x000000077641a478,0x0000000776480000)
  to   space 12800K, 0% used [0x0000000774b80000,0x0000000774b80000,0x0000000775800000)
 ParOldGen       total 173568K, used 17268K [0x00000006c4400000, 0x00000006ced80000, 0x000000076c180000)
  object space 173568K, 9% used [0x00000006c4400000,0x00000006c54dd208,0x00000006ced80000)
 Metaspace       used 45931K, capacity 48686K, committed 48936K, reserved 1091584K
  class space    used 6311K, capacity 6857K, committed 6960K, reserved 1048576K
GC Heap History (10 events):
Event: 1.871 GC heap before
{Heap before GC invocations=4 (full 1):
 PSYoungGen      total 75264K, used 64512K [0x000000076c180000, 0x0000000775480000, 0x00000007c0000000)
  eden space 64512K, 100% used [0x000000076c180000,0x0000000770080000,0x0000000770080000)
  from space 10752K, 0% used [0x0000000770b00000,0x0000000770b00000,0x0000000771580000)
  to   space 10752K, 0% used [0x0000000770080000,0x0000000770080000,0x0000000770b00000)
 ParOldGen       total 104960K, used 9883K [0x00000006c4400000, 0x00000006caa80000, 0x000000076c180000)
  object space 104960K, 9% used [0x00000006c4400000,0x00000006c4da6e00,0x00000006caa80000)
 Metaspace       used 23853K, capacity 25046K, committed 25264K, reserved 1071104K
  class space    used 3117K, capacity 3405K, committed 3504K, reserved 1048576K
Event: 1.873 GC heap after
Heap after GC invocations=4 (full 1):
 PSYoungGen      total 75264K, used 6521K [0x000000076c180000, 0x0000000773400000, 0x00000007c0000000)
  eden space 64512K, 0% used [0x000000076c180000,0x000000076c180000,0x0000000770080000)
  from space 10752K, 60% used [0x0000000770080000,0x00000007706de560,0x0000000770b00000)
  to   space 10752K, 0% used [0x0000000772980000,0x0000000772980000,0x0000000773400000)
 ParOldGen       total 104960K, used 9891K [0x00000006c4400000, 0x00000006caa80000, 0x000000076c180000)
  object space 104960K, 9% used [0x00000006c4400000,0x00000006c4da8e00,0x00000006caa80000)
 Metaspace       used 23853K, capacity 25046K, committed 25264K, reserved 1071104K
  class space    used 3117K, capacity 3405K, committed 3504K, reserved 1048576K
}
Event: 2.252 GC heap before
{Heap before GC invocations=5 (full 1):
 PSYoungGen      total 75264K, used 71033K [0x000000076c180000, 0x0000000773400000, 0x00000007c0000000)
  eden space 64512K, 100% used [0x000000076c180000,0x0000000770080000,0x0000000770080000)
  from space 10752K, 60% used [0x0000000770080000,0x00000007706de560,0x0000000770b00000)
  to   space 10752K, 0% used [0x0000000772980000,0x0000000772980000,0x0000000773400000)
 ParOldGen       total 104960K, used 9891K [0x00000006c4400000, 0x00000006caa80000, 0x000000076c180000)
  object space 104960K, 9% used [0x00000006c4400000,0x00000006c4da8e00,0x00000006caa80000)
 Metaspace       used 27357K, capacity 28846K, committed 29104K, reserved 1075200K
  class space    used 3642K, capacity 3941K, committed 4016K, reserved 1048576K
Event: 2.256 GC heap after
Heap after GC invocations=5 (full 1):
 PSYoungGen      total 106496K, used 8601K [0x000000076c180000, 0x0000000773400000, 0x00000007c0000000)
  eden space 95744K, 0% used [0x000000076c180000,0x000000076c180000,0x0000000771f00000)
  from space 10752K, 79% used [0x0000000772980000,0x00000007731e65b8,0x0000000773400000)
  to   space 10752K, 0% used [0x0000000771f00000,0x0000000771f00000,0x0000000772980000)
 ParOldGen       total 104960K, used 9899K [0x00000006c4400000, 0x00000006caa80000, 0x000000076c180000)
  object space 104960K, 9% used [0x00000006c4400000,0x00000006c4daae00,0x00000006caa80000)
 Metaspace       used 27357K, capacity 28846K, committed 29104K, reserved 1075200K
  class space    used 3642K, capacity 3941K, committed 4016K, reserved 1048576K
}
Event: 2.598 GC heap before
{Heap before GC invocations=6 (full 1):
 PSYoungGen      total 106496K, used 81941K [0x000000076c180000, 0x0000000773400000, 0x00000007c0000000)
  eden space 95744K, 76% used [0x000000076c180000,0x000000077091f010,0x0000000771f00000)
  from space 10752K, 79% used [0x0000000772980000,0x00000007731e65b8,0x0000000773400000)
  to   space 10752K, 0% used [0x0000000771f00000,0x0000000771f00000,0x0000000772980000)
 ParOldGen       total 104960K, used 9899K [0x00000006c4400000, 0x00000006caa80000, 0x000000076c180000)
  object space 104960K, 9% used [0x00000006c4400000,0x00000006c4daae00,0x00000006caa80000)
 Metaspace       used 33351K, capacity 35356K, committed 35496K, reserved 1079296K
  class space    used 4407K, capacity 4764K, committed 4784K, reserved 1048576K
Event: 2.603 GC heap after
Heap after GC invocations=6 (full 1):
 PSYoungGen      total 106496K, used 10734K [0x000000076c180000, 0x0000000776880000, 0x00000007c0000000)
  eden space 95744K, 0% used [0x000000076c180000,0x000000076c180000,0x0000000771f00000)
  from space 10752K, 99% used [0x0000000771f00000,0x000000077297bb28,0x0000000772980000)
  to   space 13312K, 0% used [0x0000000775b80000,0x0000000775b80000,0x0000000776880000)
 ParOldGen       total 104960K, used 11459K [0x00000006c4400000, 0x00000006caa80000, 0x000000076c180000)
  object space 104960K, 10% used [0x00000006c4400000,0x00000006c4f30e20,0x00000006caa80000)
 Metaspace       used 33351K, capacity 35356K, committed 35496K, reserved 1079296K
  class space    used 4407K, capacity 4764K, committed 4784K, reserved 1048576K
}
Event: 2.603 GC heap before
{Heap before GC invocations=7 (full 2):
 PSYoungGen      total 106496K, used 10734K [0x000000076c180000, 0x0000000776880000, 0x00000007c0000000)
  eden space 95744K, 0% used [0x000000076c180000,0x000000076c180000,0x0000000771f00000)
  from space 10752K, 99% used [0x0000000771f00000,0x000000077297bb28,0x0000000772980000)
  to   space 13312K, 0% used [0x0000000775b80000,0x0000000775b80000,0x0000000776880000)
 ParOldGen       total 104960K, used 11459K [0x00000006c4400000, 0x00000006caa80000, 0x000000076c180000)
  object space 104960K, 10% used [0x00000006c4400000,0x00000006c4f30e20,0x00000006caa80000)
 Metaspace       used 33351K, capacity 35356K, committed 35496K, reserved 1079296K
  class space    used 4407K, capacity 4764K, committed 4784K, reserved 1048576K
Event: 2.639 GC heap after
Heap after GC invocations=7 (full 2):
 PSYoungGen      total 106496K, used 0K [0x000000076c180000, 0x0000000776880000, 0x00000007c0000000)
  eden space 95744K, 0% used [0x000000076c180000,0x000000076c180000,0x0000000771f00000)
  from space 10752K, 0% used [0x0000000771f00000,0x0000000771f00000,0x0000000772980000)
  to   space 13312K, 0% used [0x0000000775b80000,0x0000000775b80000,0x0000000776880000)
 ParOldGen       total 173568K, used 17260K [0x00000006c4400000, 0x00000006ced80000, 0x000000076c180000)
  object space 173568K, 9% used [0x00000006c4400000,0x00000006c54db208,0x00000006ced80000)
 Metaspace       used 33351K, capacity 35356K, committed 35496K, reserved 1079296K
  class space    used 4407K, capacity 4764K, committed 4784K, reserved 1048576K
}
Event: 3.124 GC heap before
{Heap before GC invocations=8 (full 2):
 PSYoungGen      total 106496K, used 95744K [0x000000076c180000, 0x0000000776880000, 0x00000007c0000000)
  eden space 95744K, 100% used [0x000000076c180000,0x0000000771f00000,0x0000000771f00000)
  from space 10752K, 0% used [0x0000000771f00000,0x0000000771f00000,0x0000000772980000)
  to   space 13312K, 0% used [0x0000000775b80000,0x0000000775b80000,0x0000000776880000)
 ParOldGen       total 173568K, used 17260K [0x00000006c4400000, 0x00000006ced80000, 0x000000076c180000)
  object space 173568K, 9% used [0x00000006c4400000,0x00000006c54db208,0x00000006ced80000)
 Metaspace       used 40709K, capacity 43084K, committed 43304K, reserved 1087488K
  class space    used 5362K, capacity 5816K, committed 5936K, reserved 1048576K
Event: 3.129 GC heap after
Heap after GC invocations=8 (full 2):
 PSYoungGen      total 138752K, used 8809K [0x000000076c180000, 0x0000000776480000, 0x00000007c0000000)
  eden space 129536K, 0% used [0x000000076c180000,0x000000076c180000,0x0000000774000000)
  from space 9216K, 95% used [0x0000000775b80000,0x000000077641a478,0x0000000776480000)
  to   space 12800K, 0% used [0x0000000774b80000,0x0000000774b80000,0x0000000775800000)
 ParOldGen       total 173568K, used 17268K [0x00000006c4400000, 0x00000006ced80000, 0x000000076c180000)
  object space 173568K, 9% used [0x00000006c4400000,0x00000006c54dd208,0x00000006ced80000)
 Metaspace       used 40709K, capacity 43084K, committed 43304K, reserved 1087488K
  class space    used 5362K, capacity 5816K, committed 5936K, reserved 1048576K
}

