# JRE version: Java(TM) SE Runtime Environment (8.0_201-b09) (build 1.8.0_201-b09)
# Java VM: Java HotSpot(TM) 64-Bit Server VM (25.201-b09 mixed mode windows-amd64 compressed oops)
Heap:
 PSYoungGen      total 122368K, used 92512K [0x000000076c180000, 0x0000000774800000, 0x00000007c0000000)
  eden space 111104K, 76% used [0x000000076c180000,0x00000007714aae20,0x0000000772e00000)
  from space 11264K, 65% used [0x0000000773d00000,0x000000077442d2e8,0x0000000774800000)
  to   space 13312K, 0% used [0x0000000772e00000,0x0000000772e00000,0x0000000773b00000)
 ParOldGen       total 199168K, used 17604K [0x00000006c4400000, 0x00000006d0680000, 0x000000076c180000)
  object space 199168K, 8% used [0x00000006c4400000,0x00000006c5531138,0x00000006d0680000)
 Metaspace       used 45937K, capacity 48750K, committed 48896K, reserved 1091584K
  class space    used 6315K, capacity 6857K, committed 6912K, reserved 1048576K
GC Heap History (10 events):
Event: 1.474 GC heap before
{Heap before GC invocations=4 (full 1):
 PSYoungGen      total 75264K, used 64512K [0x000000076c180000, 0x0000000775480000, 0x00000007c0000000)
  eden space 64512K, 100% used [0x000000076c180000,0x0000000770080000,0x0000000770080000)
  from space 10752K, 0% used [0x0000000770b00000,0x0000000770b00000,0x0000000771580000)
  to   space 10752K, 0% used [0x0000000770080000,0x0000000770080000,0x0000000770b00000)
 ParOldGen       total 118272K, used 9963K [0x00000006c4400000, 0x00000006cb780000, 0x000000076c180000)
  object space 118272K, 8% used [0x00000006c4400000,0x00000006c4dbaf68,0x00000006cb780000)
 Metaspace       used 23941K, capacity 25174K, committed 25472K, reserved 1071104K
  class space    used 3128K, capacity 3405K, committed 3456K, reserved 1048576K
Event: 1.477 GC heap after
Heap after GC invocations=4 (full 1):
 PSYoungGen      total 75264K, used 6467K [0x000000076c180000, 0x0000000772900000, 0x00000007c0000000)
  eden space 64512K, 0% used [0x000000076c180000,0x000000076c180000,0x0000000770080000)
  from space 10752K, 60% used [0x0000000770080000,0x00000007706d0fb8,0x0000000770b00000)
  to   space 10752K, 0% used [0x0000000771e80000,0x0000000771e80000,0x0000000772900000)
 ParOldGen       total 118272K, used 9971K [0x00000006c4400000, 0x00000006cb780000, 0x000000076c180000)
  object space 118272K, 8% used [0x00000006c4400000,0x00000006c4dbcf68,0x00000006cb780000)
 Metaspace       used 23941K, capacity 25174K, committed 25472K, reserved 1071104K
  class space    used 3128K, capacity 3405K, committed 3456K, reserved 1048576K
}
Event: 1.852 GC heap before
{Heap before GC invocations=5 (full 1):
 PSYoungGen      total 75264K, used 70979K [0x000000076c180000, 0x0000000772900000, 0x00000007c0000000)
  eden space 64512K, 100% used [0x000000076c180000,0x0000000770080000,0x0000000770080000)
  from space 10752K, 60% used [0x0000000770080000,0x00000007706d0fb8,0x0000000770b00000)
  to   space 10752K, 0% used [0x0000000771e80000,0x0000000771e80000,0x0000000772900000)
 ParOldGen       total 118272K, used 9971K [0x00000006c4400000, 0x00000006cb780000, 0x000000076c180000)
  object space 118272K, 8% used [0x00000006c4400000,0x00000006c4dbcf68,0x00000006cb780000)
 Metaspace       used 27447K, capacity 28864K, committed 29056K, reserved 1075200K
  class space    used 3657K, capacity 3946K, committed 3968K, reserved 1048576K
Event: 1.857 GC heap after
Heap after GC invocations=5 (full 1):
 PSYoungGen      total 95232K, used 8814K [0x000000076c180000, 0x0000000772900000, 0x00000007c0000000)
  eden space 84480K, 0% used [0x000000076c180000,0x000000076c180000,0x0000000771400000)
  from space 10752K, 81% used [0x0000000771e80000,0x000000077271b8c0,0x0000000772900000)
  to   space 10752K, 0% used [0x0000000771400000,0x0000000771400000,0x0000000771e80000)
 ParOldGen       total 118272K, used 9979K [0x00000006c4400000, 0x00000006cb780000, 0x000000076c180000)
  object space 118272K, 8% used [0x00000006c4400000,0x00000006c4dbef68,0x00000006cb780000)
 Metaspace       used 27447K, capacity 28864K, committed 29056K, reserved 1075200K
  class space    used 3657K, capacity 3946K, committed 3968K, reserved 1048576K
}
Event: 2.190 GC heap before
{Heap before GC invocations=6 (full 1):
 PSYoungGen      total 95232K, used 84284K [0x000000076c180000, 0x0000000772900000, 0x00000007c0000000)
  eden space 84480K, 89% used [0x000000076c180000,0x0000000770b33908,0x0000000771400000)
  from space 10752K, 81% used [0x0000000771e80000,0x000000077271b8c0,0x0000000772900000)
  to   space 10752K, 0% used [0x0000000771400000,0x0000000771400000,0x0000000771e80000)
 ParOldGen       total 118272K, used 9979K [0x00000006c4400000, 0x00000006cb780000, 0x000000076c180000)
  object space 118272K, 8% used [0x00000006c4400000,0x00000006c4dbef68,0x00000006cb780000)
 Metaspace       used 33414K, capacity 35480K, committed 35496K, reserved 1079296K
  class space    used 4437K, capacity 4852K, committed 4864K, reserved 1048576K
Event: 2.196 GC heap after
Heap after GC invocations=6 (full 1):
 PSYoungGen      total 95232K, used 10740K [0x000000076c180000, 0x0000000774a00000, 0x00000007c0000000)
  eden space 84480K, 0% used [0x000000076c180000,0x000000076c180000,0x0000000771400000)
  from space 10752K, 99% used [0x0000000771400000,0x0000000771e7d248,0x0000000771e80000)
  to   space 13312K, 0% used [0x0000000773d00000,0x0000000773d00000,0x0000000774a00000)
 ParOldGen       total 118272K, used 11706K [0x00000006c4400000, 0x00000006cb780000, 0x000000076c180000)
  object space 118272K, 9% used [0x00000006c4400000,0x00000006c4f6ebf0,0x00000006cb780000)
 Metaspace       used 33414K, capacity 35480K, committed 35496K, reserved 1079296K
  class space    used 4437K, capacity 4852K, committed 4864K, reserved 1048576K
}
Event: 2.197 GC heap before
{Heap before GC invocations=7 (full 2):
 PSYoungGen      total 95232K, used 10740K [0x000000076c180000, 0x0000000774a00000, 0x00000007c0000000)
  eden space 84480K, 0% used [0x000000076c180000,0x000000076c180000,0x0000000771400000)
  from space 10752K, 99% used [0x0000000771400000,0x0000000771e7d248,0x0000000771e80000)
  to   space 13312K, 0% used [0x0000000773d00000,0x0000000773d00000,0x0000000774a00000)
 ParOldGen       total 118272K, used 11706K [0x00000006c4400000, 0x00000006cb780000, 0x000000076c180000)
  object space 118272K, 9% used [0x00000006c4400000,0x00000006c4f6ebf0,0x00000006cb780000)
 Metaspace       used 33414K, capacity 35480K, committed 35496K, reserved 1079296K
  class space    used 4437K, capacity 4852K, committed 4864K, reserved 1048576K
Event: 2.227 GC heap after
Heap after GC invocations=7 (full 2):
 PSYoungGen      total 95232K, used 0K [0x000000076c180000, 0x0000000774a00000, 0x00000007c0000000)
  eden space 84480K, 0% used [0x000000076c180000,0x000000076c180000,0x0000000771400000)
  from space 10752K, 0% used [0x0000000771400000,0x0000000771400000,0x0000000771e80000)
  to   space 13312K, 0% used [0x0000000773d00000,0x0000000773d00000,0x0000000774a00000)
 ParOldGen       total 199168K, used 17596K [0x00000006c4400000, 0x00000006d0680000, 0x000000076c180000)
  object space 199168K, 8% used [0x00000006c4400000,0x00000006c552f138,0x00000006d0680000)
 Metaspace       used 33414K, capacity 35480K, committed 35496K, reserved 1079296K
  class space    used 4437K, capacity 4852K, committed 4864K, reserved 1048576K
}
Event: 2.681 GC heap before
{Heap before GC invocations=8 (full 2):
 PSYoungGen      total 95232K, used 84480K [0x000000076c180000, 0x0000000774a00000, 0x00000007c0000000)
  eden space 84480K, 100% used [0x000000076c180000,0x0000000771400000,0x0000000771400000)
  from space 10752K, 0% used [0x0000000771400000,0x0000000771400000,0x0000000771e80000)
  to   space 13312K, 0% used [0x0000000773d00000,0x0000000773d00000,0x0000000774a00000)
 ParOldGen       total 199168K, used 17596K [0x00000006c4400000, 0x00000006d0680000, 0x000000076c180000)
  object space 199168K, 8% used [0x00000006c4400000,0x00000006c552f138,0x00000006d0680000)
 Metaspace       used 40233K, capacity 42556K, committed 42624K, reserved 1085440K
  class space    used 5301K, capacity 5738K, committed 5760K, reserved 1048576K
Event: 2.686 GC heap after
Heap after GC invocations=8 (full 2):
 PSYoungGen      total 122368K, used 7348K [0x000000076c180000, 0x0000000774800000, 0x00000007c0000000)
  eden space 111104K, 0% used [0x000000076c180000,0x000000076c180000,0x0000000772e00000)
  from space 11264K, 65% used [0x0000000773d00000,0x000000077442d2e8,0x0000000774800000)
  to   space 13312K, 0% used [0x0000000772e00000,0x0000000772e00000,0x0000000773b00000)
 ParOldGen       total 199168K, used 17604K [0x00000006c4400000, 0x00000006d0680000, 0x000000076c180000)
  object space 199168K, 8% used [0x00000006c4400000,0x00000006c5531138,0x00000006d0680000)
 Metaspace       used 40233K, capacity 42556K, committed 42624K, reserved 1085440K
  class space    used 5301K, capacity 5738K, committed 5760K, reserved 1048576K
}

