# JRE version: Java(TM) SE Runtime Environment (8.0_201-b09) (build 1.8.0_201-b09)
# Java VM: Java HotSpot(TM) 64-Bit Server VM (25.201-b09 mixed mode windows-amd64 compressed oops)
Heap:
 PSYoungGen      total 140288K, used 51004K [0x000000076c180000, 0x0000000778000000, 0x00000007c0000000)
  eden space 127488K, 29% used [0x000000076c180000,0x000000076e6d0810,0x0000000773e00000)
  from space 12800K, 99% used [0x0000000773e00000,0x0000000774a7e860,0x0000000774a80000)
  to   space 14336K, 0% used [0x0000000777200000,0x0000000777200000,0x0000000778000000)
 ParOldGen       total 180736K, used 14861K [0x00000006c4400000, 0x00000006cf480000, 0x000000076c180000)
  object space 180736K, 8% used [0x00000006c4400000,0x00000006c5283548,0x00000006cf480000)
 Metaspace       used 45031K, capacity 47852K, committed 48128K, reserved 1091584K
  class space    used 6273K, capacity 6823K, committed 6912K, reserved 1048576K
GC Heap History (10 events):
Event: 1.435 GC heap before
{Heap before GC invocations=5 (full 1):
 PSYoungGen      total 75264K, used 64512K [0x000000076c180000, 0x0000000775480000, 0x00000007c0000000)
  eden space 64512K, 100% used [0x000000076c180000,0x0000000770080000,0x0000000770080000)
  from space 10752K, 0% used [0x0000000770080000,0x0000000770080000,0x0000000770b00000)
  to   space 10752K, 0% used [0x0000000774a00000,0x0000000774a00000,0x0000000775480000)
 ParOldGen       total 107520K, used 7010K [0x00000006c4400000, 0x00000006cad00000, 0x000000076c180000)
  object space 107520K, 6% used [0x00000006c4400000,0x00000006c4ad8ac8,0x00000006cad00000)
 Metaspace       used 24295K, capacity 25478K, committed 25600K, reserved 1071104K
  class space    used 3236K, capacity 3489K, committed 3584K, reserved 1048576K
Event: 1.439 GC heap after
Heap after GC invocations=5 (full 1):
 PSYoungGen      total 97792K, used 6578K [0x000000076c180000, 0x0000000775080000, 0x00000007c0000000)
  eden space 91136K, 0% used [0x000000076c180000,0x000000076c180000,0x0000000771a80000)
  from space 6656K, 98% used [0x0000000774a00000,0x000000077506cbd0,0x0000000775080000)
  to   space 10752K, 0% used [0x0000000773b80000,0x0000000773b80000,0x0000000774600000)
 ParOldGen       total 107520K, used 7018K [0x00000006c4400000, 0x00000006cad00000, 0x000000076c180000)
  object space 107520K, 6% used [0x00000006c4400000,0x00000006c4adaac8,0x00000006cad00000)
 Metaspace       used 24295K, capacity 25478K, committed 25600K, reserved 1071104K
  class space    used 3236K, capacity 3489K, committed 3584K, reserved 1048576K
}
Event: 1.847 GC heap before
{Heap before GC invocations=6 (full 1):
 PSYoungGen      total 97792K, used 97714K [0x000000076c180000, 0x0000000775080000, 0x00000007c0000000)
  eden space 91136K, 100% used [0x000000076c180000,0x0000000771a80000,0x0000000771a80000)
  from space 6656K, 98% used [0x0000000774a00000,0x000000077506cbd0,0x0000000775080000)
  to   space 10752K, 0% used [0x0000000773b80000,0x0000000773b80000,0x0000000774600000)
 ParOldGen       total 107520K, used 7018K [0x00000006c4400000, 0x00000006cad00000, 0x000000076c180000)
  object space 107520K, 6% used [0x00000006c4400000,0x00000006c4adaac8,0x00000006cad00000)
 Metaspace       used 30172K, capacity 32138K, committed 32384K, reserved 1077248K
  class space    used 4060K, capacity 4415K, committed 4480K, reserved 1048576K
Event: 1.854 GC heap after
Heap after GC invocations=6 (full 1):
 PSYoungGen      total 135680K, used 10751K [0x000000076c180000, 0x0000000775780000, 0x00000007c0000000)
  eden space 124928K, 0% used [0x000000076c180000,0x000000076c180000,0x0000000773b80000)
  from space 10752K, 99% used [0x0000000773b80000,0x00000007745fff80,0x0000000774600000)
  to   space 13312K, 0% used [0x0000000774a80000,0x0000000774a80000,0x0000000775780000)
 ParOldGen       total 107520K, used 7077K [0x00000006c4400000, 0x00000006cad00000, 0x000000076c180000)
  object space 107520K, 6% used [0x00000006c4400000,0x00000006c4ae9628,0x00000006cad00000)
 Metaspace       used 30172K, capacity 32138K, committed 32384K, reserved 1077248K
  class space    used 4060K, capacity 4415K, committed 4480K, reserved 1048576K
}
Event: 1.960 GC heap before
{Heap before GC invocations=7 (full 1):
 PSYoungGen      total 135680K, used 37172K [0x000000076c180000, 0x0000000775780000, 0x00000007c0000000)
  eden space 124928K, 21% used [0x000000076c180000,0x000000076db4d088,0x0000000773b80000)
  from space 10752K, 99% used [0x0000000773b80000,0x00000007745fff80,0x0000000774600000)
  to   space 13312K, 0% used [0x0000000774a80000,0x0000000774a80000,0x0000000775780000)
 ParOldGen       total 107520K, used 7077K [0x00000006c4400000, 0x00000006cad00000, 0x000000076c180000)
  object space 107520K, 6% used [0x00000006c4400000,0x00000006c4ae9628,0x00000006cad00000)
 Metaspace       used 33501K, capacity 35492K, committed 35496K, reserved 1079296K
  class space    used 4508K, capacity 4860K, committed 4864K, reserved 1048576K
Event: 1.965 GC heap after
Heap after GC invocations=7 (full 1):
 PSYoungGen      total 140800K, used 8403K [0x000000076c180000, 0x0000000778b80000, 0x00000007c0000000)
  eden space 127488K, 0% used [0x000000076c180000,0x000000076c180000,0x0000000773e00000)
  from space 13312K, 63% used [0x0000000774a80000,0x00000007752b4fd0,0x0000000775780000)
  to   space 12800K, 0% used [0x0000000773e00000,0x0000000773e00000,0x0000000774a80000)
 ParOldGen       total 107520K, used 7085K [0x00000006c4400000, 0x00000006cad00000, 0x000000076c180000)
  object space 107520K, 6% used [0x00000006c4400000,0x00000006c4aeb628,0x00000006cad00000)
 Metaspace       used 33501K, capacity 35492K, committed 35496K, reserved 1079296K
  class space    used 4508K, capacity 4860K, committed 4864K, reserved 1048576K
}
Event: 1.965 GC heap before
{Heap before GC invocations=8 (full 2):
 PSYoungGen      total 140800K, used 8403K [0x000000076c180000, 0x0000000778b80000, 0x00000007c0000000)
  eden space 127488K, 0% used [0x000000076c180000,0x000000076c180000,0x0000000773e00000)
  from space 13312K, 63% used [0x0000000774a80000,0x00000007752b4fd0,0x0000000775780000)
  to   space 12800K, 0% used [0x0000000773e00000,0x0000000773e00000,0x0000000774a80000)
 ParOldGen       total 107520K, used 7085K [0x00000006c4400000, 0x00000006cad00000, 0x000000076c180000)
  object space 107520K, 6% used [0x00000006c4400000,0x00000006c4aeb628,0x00000006cad00000)
 Metaspace       used 33501K, capacity 35492K, committed 35496K, reserved 1079296K
  class space    used 4508K, capacity 4860K, committed 4864K, reserved 1048576K
Event: 2.024 GC heap after
Heap after GC invocations=8 (full 2):
 PSYoungGen      total 140800K, used 0K [0x000000076c180000, 0x0000000778b80000, 0x00000007c0000000)
  eden space 127488K, 0% used [0x000000076c180000,0x000000076c180000,0x0000000773e00000)
  from space 13312K, 0% used [0x0000000774a80000,0x0000000774a80000,0x0000000775780000)
  to   space 12800K, 0% used [0x0000000773e00000,0x0000000773e00000,0x0000000774a80000)
 ParOldGen       total 180736K, used 14631K [0x00000006c4400000, 0x00000006cf480000, 0x000000076c180000)
  object space 180736K, 8% used [0x00000006c4400000,0x00000006c5249d88,0x00000006cf480000)
 Metaspace       used 33501K, capacity 35492K, committed 35496K, reserved 1079296K
  class space    used 4508K, capacity 4860K, committed 4864K, reserved 1048576K
}
Event: 2.696 GC heap before
{Heap before GC invocations=9 (full 2):
 PSYoungGen      total 140800K, used 127488K [0x000000076c180000, 0x0000000778b80000, 0x00000007c0000000)
  eden space 127488K, 100% used [0x000000076c180000,0x0000000773e00000,0x0000000773e00000)
  from space 13312K, 0% used [0x0000000774a80000,0x0000000774a80000,0x0000000775780000)
  to   space 12800K, 0% used [0x0000000773e00000,0x0000000773e00000,0x0000000774a80000)
 ParOldGen       total 180736K, used 14631K [0x00000006c4400000, 0x00000006cf480000, 0x000000076c180000)
  object space 180736K, 8% used [0x00000006c4400000,0x00000006c5249d88,0x00000006cf480000)
 Metaspace       used 42091K, capacity 44688K, committed 44800K, reserved 1087488K
  class space    used 5618K, capacity 6096K, committed 6144K, reserved 1048576K
Event: 2.702 GC heap after
Heap after GC invocations=9 (full 2):
 PSYoungGen      total 140288K, used 12794K [0x000000076c180000, 0x0000000778000000, 0x00000007c0000000)
  eden space 127488K, 0% used [0x000000076c180000,0x000000076c180000,0x0000000773e00000)
  from space 12800K, 99% used [0x0000000773e00000,0x0000000774a7e860,0x0000000774a80000)
  to   space 14336K, 0% used [0x0000000777200000,0x0000000777200000,0x0000000778000000)
 ParOldGen       total 180736K, used 14861K [0x00000006c4400000, 0x00000006cf480000, 0x000000076c180000)
  object space 180736K, 8% used [0x00000006c4400000,0x00000006c5283548,0x00000006cf480000)
 Metaspace       used 42091K, capacity 44688K, committed 44800K, reserved 1087488K
  class space    used 5618K, capacity 6096K, committed 6144K, reserved 1048576K
}

